Suma de vectores

vector 1 = [ 83.0000  86.0000  62.0000  90.0000  67.0000  93.0000  84.0000  15.0000  70.0000  13.0000  26.0000  68.0000  94.0000  6.0000  19.0000  24.0000  28.0000  71.0000  32.0000  21.0000  92.0000  27.0000  63.0000  26.0000  40.0000  26.0000  72.0000  36.0000  11.0000  68.0000  69.0000  56.0000  29.0000  37.0000  98.0000  70.0000  81.0000  84.0000  27.0000  29.0000  11.0000  13.0000  99.0000  29.0000  9.0000  86.0000  50.0000  56.0000  43.0000  91.0000  27.0000  65.0000  59.0000  4.0000  13.0000  99.0000  0.0000  88.0000  97.0000  49.0000  77.0000  49.0000  54.0000  95.0000  70.0000  34.0000  78.0000  67.0000  1.0000  97.0000  2.0000  17.0000  56.0000  1.0000  17.0000  27.0000  67.0000  56.0000  97.0000  53.0000  21.0000  80.0000  62.0000  36.0000  32.0000  76.0000  12.0000  37.0000  40.0000  26.0000  22.0000  65.0000  81.0000  99.0000  96.0000  59.0000  73.0000  13.0000  68.0000  90.0000  15.0000  93.0000  35.0000  86.0000  29.0000  82.0000  30.0000  62.0000  23.0000  67.0000  35.0000  29.0000  2.0000  22.0000  73.0000  24.0000  91.0000  73.0000  96.0000  5.0000  59.0000  58.0000  67.0000  42.0000  21.0000  19.0000  56.0000  25.0000  5.0000  57.0000  24.0000  95.0000  82.0000  45.0000  14.0000  67.0000  34.0000  64.0000  43.0000  50.0000  46.0000  26.0000  39.0000  92.0000  80.0000  86.0000  41.0000  65.0000  89.0000  44.0000  19.0000  31.0000  97.0000  71.0000  81.0000  75.0000  65.0000  29.0000  23.0000  18.0000  87.0000  8.0000  76.0000  78.0000  88.0000  84.0000  3.0000  51.0000  88.0000  87.0000  75.0000  76.0000  40.0000  82.0000  68.0000  62.0000  52.0000  99.0000  79.0000  50.0000  60.0000  39.0000  86.0000  52.0000  54.0000  42.0000  22.0000  11.0000  10.0000  5.0000  1.0000  61.0000  30.0000  78.0000  44.0000  16.0000  82.0000  58.0000  24.0000  37.0000  40.0000  83.0000  3.0000  19.0000  70.0000  68.0000  8.0000  15.0000  40.0000  49.0000  96.0000  55.0000  41.0000  74.0000  58.0000  95.0000  29.0000  43.0000  86.0000  43.0000  14.0000  32.0000  51.0000  37.0000  28.0000  63.0000  38.0000  6.0000  4.0000  18.0000  28.0000  8.0000  95.0000  72.0000  55.0000  19.0000  99.0000  21.0000  4.0000  40.0000  45.0000  46.0000  51.0000  79.0000  64.0000  28.0000  93.0000  0.0000  34.0000  64.0000  24.0000  36.0000  21.0000  35.0000  93.0000  18.0000  28.0000  43.0000  11.0000  28.0000  7.0000  69.0000  46.0000  76.0000  6.0000  84.0000  20.0000  84.0000  40.0000  42.0000  98.0000  13.0000  98.0000  90.0000  24.0000  90.0000  9.0000  81.0000  19.0000  36.0000  29.0000  88.0000  17.0000  17.0000  96.0000  24.0000  43.0000  70.0000  83.0000  90.0000  99.0000  72.0000  25.0000  44.0000  90.0000  5.0000  39.0000  69.0000  64.0000  97.0000  7.0000  55.0000  4.0000  48.0000  11.0000  22.0000  28.0000  99.0000  0.0000  84.0000  40.0000  90.0000  84.0000  13.0000  21.0000  39.0000  5.0000  28.0000  27.0000  58.0000  5.0000  20.0000  36.0000  36.0000  26.0000  42.0000  36.0000  10.0000  24.0000  69.0000  96.0000  81.0000  30.0000  3.0000  63.0000  97.0000  53.0000  92.0000  86.0000  25.0000  24.0000  45.0000  87.0000  22.0000  92.0000  72.0000  72.0000  50.0000  25.0000  85.0000  22.0000  21.0000  72.0000  58.0000  60.0000  28.0000  56.0000  94.0000  97.0000  99.0000  68.0000  71.0000  73.0000  31.0000  81.0000  30.0000  33.0000  94.0000  60.0000  63.0000  99.0000  11.0000  49.0000  35.0000  38.0000  29.0000  40.0000  41.0000  69.0000  26.0000  66.0000  7.0000  56.0000  79.0000  18.0000  87.0000  12.0000  48.0000  72.0000  59.0000  9.0000  36.0000  42.0000  1.0000  67.0000  26.0000  44.0000  36.0000  48.0000  28.0000  50.0000  8.0000  53.0000  29.0000  33.0000  90.0000  96.0000  34.0000  57.0000  29.0000  90.0000  47.0000  70.0000  51.0000  80.0000  69.0000  55.0000  38.0000  92.0000  40.0000  32.0000  55.0000  94.0000  4.0000  79.0000  69.0000  73.0000  76.0000  50.0000  55.0000  60.0000  42.0000  79.0000  84.0000  93.0000  5.0000  8.0000  33.0000  48.0000  90.0000  67.0000  4.0000  13.0000  61.0000  54.0000  59.0000  2.0000  2.0000  6.0000  84.0000  21.0000  42.0000  68.0000  28.0000  89.0000  98.0000  48.0000  3.0000  33.0000  68.0000  54.0000  67.0000  46.0000  50.0000  85.0000  43.0000  92.0000  32.0000  41.0000  70.0000  17.0000  39.0000  90.0000  21.0000  81.0000  10.0000  50.0000  97.0000  84.0000  8.0000  46.0000  90.0000  39.0000  4.0000  77.0000  71.0000  49.0000  89.0000  67.0000  88.0000  82.0000  42.0000  23.0000  61.0000  9.0000  77.0000  24.0000  33.0000  56.0000  31.0000  4.0000  67.0000  90.0000  26.0000  14.0000  16.0000  52.0000  46.0000  93.0000  57.0000  27.0000  12.0000  86.0000  14.0000  55.0000  12.0000  90.0000  12.0000  79.0000  66.0000  52.0000  96.0000  75.0000  88.0000  57.0000  29.0000  36.0000  60.0000  14.0000  21.0000  27.0000  2.0000  43.0000  3.0000  29.0000  95.0000  43.0000  44.0000  61.0000  94.0000  2.0000  0.0000  81.0000  47.0000  38.0000  59.0000  51.0000  35.0000  34.0000  39.0000  92.0000  27.0000  64.0000  17.0000  68.0000  5.0000  58.0000  12.0000  86.0000  0.0000  15.0000  29.0000  0.0000  90.0000  60.0000  81.0000  25.0000  58.0000  17.0000  68.0000  86.0000  53.0000  13.0000  67.0000  72.0000  69.0000  33.0000  28.0000  20.0000  98.0000  78.0000  31.0000  10.0000  74.0000  20.0000  87.0000  88.0000  38.0000  84.0000  27.0000  11.0000  34.0000  89.0000  82.0000  93.0000  74.0000  94.0000  46.0000  35.0000  37.0000  46.0000  26.0000  6.0000  14.0000  0.0000  59.0000  18.0000  57.0000  99.0000  69.0000  47.0000  62.0000  37.0000  80.0000  70.0000  62.0000  12.0000  79.0000  77.0000  85.0000  89.0000  60.0000  71.0000  25.0000  88.0000  74.0000  81.0000  63.0000  22.0000  94.0000  73.0000  82.0000  91.0000  57.0000  15.0000  21.0000  57.0000  74.0000  91.0000  47.0000  49.0000  37.0000  5.0000  59.0000  17.0000  18.0000  45.0000  83.0000  73.0000  58.0000  73.0000  37.0000  89.0000  83.0000  7.0000  78.0000  57.0000  29.0000  33.0000  93.0000  70.0000  54.0000  16.0000  16.0000  2.0000  31.0000  39.0000  96.0000  4.0000  38.0000  99.0000  14.0000  93.0000  18.0000  22.0000  79.0000  18.0000  27.0000  83.0000  50.0000  51.0000  31.0000  18.0000  17.0000  43.0000  77.0000  88.0000  19.0000  10.0000  32.0000  17.0000  26.0000  96.0000  32.0000  40.0000  76.0000  1.0000  3.0000  53.0000  59.0000  30.0000  98.0000  25.0000  21.0000  44.0000  50.0000  55.0000  82.0000  30.0000  93.0000  74.0000  26.0000  62.0000  91.0000  3.0000  85.0000  6.0000  95.0000  20.0000  77.0000  36.0000  4.0000  76.0000  83.0000  7.0000  59.0000  57.0000  11.0000  91.0000  5.0000  14.0000  17.0000  36.0000  63.0000  55.0000  90.0000  58.0000  30.0000  4.0000  71.0000  36.0000  60.0000  18.0000  5.0000  63.0000  49.0000  44.0000  5.0000  75.0000  75.0000  28.0000  25.0000  49.0000  63.0000  81.0000  96.0000  79.0000  21.0000  70.0000  84.0000  91.0000  53.0000  43.0000  73.0000  98.0000  47.0000  50.0000  22.0000  99.0000  50.0000  27.0000  26.0000  69.0000  71.0000  51.0000  49.0000  10.0000  28.0000  39.0000  98.0000  61.0000  33.0000  85.0000  89.0000  73.0000  4.0000  51.0000  5.0000  68.0000  39.0000  63.0000  43.0000  7.0000  32.0000  75.0000  79.0000  31.0000  13.0000  57.0000  94.0000  65.0000  60.0000  36.0000  55.0000  70.0000  18.0000  11.0000  42.0000  72.0000  47.0000  81.0000  50.0000  82.0000  11.0000  28.0000  90.0000  36.0000  60.0000  18.0000  43.0000  34.0000  30.0000  30.0000  73.0000  14.0000  59.0000  22.0000  47.0000  24.0000  82.0000  35.0000  32.0000  4.0000  54.0000  71.0000  9.0000  14.0000  38.0000  89.0000  26.0000  98.0000  86.0000  40.0000  78.0000  59.0000  62.0000  62.0000  83.0000  41.0000  48.0000  23.0000  24.0000  72.0000  22.0000  54.0000  35.0000  21.0000  57.0000  65.0000  47.0000  18.0000  81.0000  31.0000  51.0000  97.0000  32.0000  34.0000  81.0000  6.0000  15.0000  57.0000  8.0000  95.0000  83.0000  25.0000  82.0000  25.0000  37.0000  53.0000  8.0000  6.0000  91.0000  76.0000  98.0000  15.0000  52.0000  71.0000  89.0000  59.0000  6.0000  10.0000  16.0000  24.0000  39.0000  0.0000  78.0000  9.0000  53.0000  67.0000  23.0000  34.0000  87.0000  90.0000  87.0000  85.0000  86.0000  85.0000  30.0000  90.0000  83.0000  14.0000  76.0000  16.0000  55.0000  70.0000  97.0000  10.0000  66.0000  52.0000  17.0000  66.0000  28.0000  54.0000  28.0000  8.0000  93.0000  78.0000  97.0000  55.0000  72.0000  74.0000  45.0000  0.0000  25.0000  97.0000  83.0000  12.0000  27.0000  82.0000  21.0000  4.0000  92.0000  97.0000  66.0000  25.0000  37.0000  10.0000  88.0000  15.0000  83.0000  57.0000  88.0000  77.0000  99.0000  52.0000  31.0000  87.0000  77.0000  99.0000  57.0000  22.0000  54.0000  25.0000  62.0000  76.0000  54.0000  77.0000  9.0000  21.0000  92.0000  39.0000  28.0000  41.0000  35.0000  68.0000  98.0000  84.0000  95.0000  76.0000  5.0000  81.0000  81.0000  3.0000  20.0000  33.0000  82.0000  81.0000  87.0000  15.0000  96.0000  32.0000  63.0000  60.0000  82.0000  20.0000  21.0000  22.0000  93.0000  90.0000  76.0000  ]
vector 2 = [ 93.0000  39.0000  62.0000  28.0000  24.0000  19.0000  89.0000  44.0000  38.0000  81.0000  75.0000  66.0000  11.0000  67.0000  12.0000  92.0000  29.0000  38.0000  21.0000  99.0000  80.0000  52.0000  11.0000  83.0000  38.0000  67.0000  64.0000  89.0000  32.0000  54.0000  4.0000  75.0000  79.0000  41.0000  65.0000  14.0000  26.0000  86.0000  83.0000  90.0000  34.0000  34.0000  21.0000  59.0000  85.0000  57.0000  54.0000  61.0000  72.0000  59.0000  56.0000  69.0000  35.0000  52.0000  21.0000  89.0000  9.0000  31.0000  73.0000  64.0000  41.0000  16.0000  52.0000  50.0000  62.0000  82.0000  51.0000  64.0000  90.0000  63.0000  91.0000  72.0000  37.0000  37.0000  90.0000  17.0000  51.0000  12.0000  0.0000  33.0000  99.0000  17.0000  54.0000  73.0000  15.0000  70.0000  65.0000  61.0000  12.0000  14.0000  0.0000  54.0000  75.0000  64.0000  59.0000  69.0000  51.0000  33.0000  43.0000  85.0000  6.0000  71.0000  36.0000  93.0000  13.0000  43.0000  88.0000  54.0000  86.0000  69.0000  32.0000  69.0000  10.0000  73.0000  30.0000  33.0000  63.0000  49.0000  33.0000  87.0000  87.0000  41.0000  6.0000  69.0000  70.0000  56.0000  44.0000  60.0000  49.0000  39.0000  93.0000  83.0000  68.0000  62.0000  19.0000  80.0000  41.0000  2.0000  10.0000  80.0000  69.0000  38.0000  33.0000  40.0000  45.0000  81.0000  61.0000  90.0000  23.0000  50.0000  42.0000  19.0000  56.0000  31.0000  2.0000  74.0000  7.0000  18.0000  16.0000  83.0000  35.0000  48.0000  95.0000  77.0000  13.0000  76.0000  4.0000  2.0000  72.0000  73.0000  57.0000  62.0000  25.0000  33.0000  97.0000  96.0000  18.0000  41.0000  53.0000  26.0000  98.0000  49.0000  55.0000  55.0000  93.0000  56.0000  60.0000  77.0000  74.0000  80.0000  26.0000  95.0000  15.0000  86.0000  81.0000  11.0000  73.0000  63.0000  53.0000  2.0000  68.0000  23.0000  86.0000  71.0000  58.0000  60.0000  24.0000  83.0000  70.0000  87.0000  42.0000  54.0000  44.0000  24.0000  39.0000  59.0000  34.0000  19.0000  15.0000  35.0000  77.0000  87.0000  5.0000  29.0000  57.0000  10.0000  91.0000  67.0000  29.0000  99.0000  53.0000  87.0000  69.0000  50.0000  62.0000  29.0000  36.0000  21.0000  50.0000  13.0000  93.0000  48.0000  98.0000  40.0000  38.0000  90.0000  80.0000  79.0000  94.0000  49.0000  99.0000  51.0000  39.0000  64.0000  42.0000  30.0000  86.0000  15.0000  34.0000  79.0000  30.0000  59.0000  8.0000  31.0000  20.0000  5.0000  71.0000  24.0000  87.0000  18.0000  4.0000  33.0000  89.0000  10.0000  3.0000  22.0000  5.0000  43.0000  61.0000  47.0000  89.0000  23.0000  16.0000  28.0000  0.0000  99.0000  9.0000  56.0000  8.0000  69.0000  45.0000  95.0000  22.0000  71.0000  95.0000  34.0000  52.0000  60.0000  70.0000  76.0000  22.0000  43.0000  19.0000  12.0000  69.0000  5.0000  92.0000  79.0000  94.0000  64.0000  66.0000  94.0000  54.0000  23.0000  37.0000  33.0000  84.0000  17.0000  17.0000  65.0000  87.0000  11.0000  21.0000  31.0000  59.0000  1.0000  76.0000  52.0000  71.0000  40.0000  33.0000  83.0000  16.0000  39.0000  74.0000  44.0000  30.0000  76.0000  53.0000  35.0000  37.0000  5.0000  4.0000  78.0000  7.0000  80.0000  25.0000  94.0000  95.0000  58.0000  32.0000  37.0000  1.0000  39.0000  35.0000  39.0000  80.0000  52.0000  81.0000  14.0000  60.0000  57.0000  92.0000  20.0000  96.0000  86.0000  99.0000  15.0000  46.0000  96.0000  67.0000  94.0000  13.0000  57.0000  19.0000  84.0000  63.0000  73.0000  6.0000  64.0000  45.0000  82.0000  87.0000  51.0000  89.0000  86.0000  53.0000  26.0000  48.0000  6.0000  17.0000  12.0000  69.0000  43.0000  72.0000  91.0000  89.0000  27.0000  66.0000  78.0000  42.0000  37.0000  63.0000  98.0000  90.0000  39.0000  2.0000  13.0000  31.0000  28.0000  57.0000  4.0000  71.0000  46.0000  25.0000  21.0000  72.0000  26.0000  56.0000  72.0000  12.0000  24.0000  70.0000  41.0000  83.0000  25.0000  45.0000  3.0000  61.0000  25.0000  42.0000  65.0000  43.0000  94.0000  98.0000  18.0000  97.0000  60.0000  69.0000  52.0000  68.0000  39.0000  38.0000  40.0000  39.0000  40.0000  86.0000  86.0000  63.0000  42.0000  6.0000  14.0000  85.0000  97.0000  0.0000  97.0000  8.0000  29.0000  49.0000  13.0000  11.0000  50.0000  92.0000  90.0000  4.0000  4.0000  2.0000  25.0000  79.0000  91.0000  47.0000  7.0000  84.0000  31.0000  61.0000  19.0000  31.0000  53.0000  28.0000  27.0000  95.0000  98.0000  7.0000  41.0000  40.0000  0.0000  92.0000  9.0000  96.0000  81.0000  68.0000  87.0000  39.0000  66.0000  86.0000  12.0000  59.0000  77.0000  0.0000  53.0000  43.0000  16.0000  30.0000  26.0000  92.0000  16.0000  66.0000  26.0000  29.0000  63.0000  82.0000  94.0000  34.0000  15.0000  96.0000  82.0000  61.0000  37.0000  87.0000  61.0000  83.0000  51.0000  51.0000  19.0000  23.0000  38.0000  20.0000  95.0000  10.0000  5.0000  79.0000  98.0000  25.0000  72.0000  78.0000  53.0000  66.0000  97.0000  48.0000  47.0000  23.0000  49.0000  30.0000  41.0000  42.0000  70.0000  64.0000  81.0000  53.0000  52.0000  20.0000  27.0000  92.0000  63.0000  68.0000  95.0000  98.0000  60.0000  54.0000  55.0000  94.0000  88.0000  98.0000  16.0000  35.0000  98.0000  49.0000  54.0000  61.0000  34.0000  75.0000  65.0000  86.0000  33.0000  28.0000  76.0000  75.0000  65.0000  34.0000  43.0000  72.0000  32.0000  3.0000  7.0000  34.0000  3.0000  25.0000  84.0000  28.0000  97.0000  63.0000  33.0000  15.0000  95.0000  7.0000  84.0000  24.0000  81.0000  20.0000  94.0000  51.0000  0.0000  0.0000  8.0000  53.0000  62.0000  3.0000  86.0000  42.0000  32.0000  34.0000  96.0000  32.0000  93.0000  33.0000  72.0000  11.0000  36.0000  93.0000  39.0000  79.0000  85.0000  10.0000  16.0000  63.0000  75.0000  38.0000  51.0000  51.0000  68.0000  7.0000  87.0000  14.0000  71.0000  71.0000  18.0000  96.0000  34.0000  83.0000  64.0000  29.0000  13.0000  62.0000  86.0000  8.0000  97.0000  16.0000  46.0000  69.0000  65.0000  51.0000  60.0000  96.0000  39.0000  93.0000  13.0000  54.0000  82.0000  44.0000  65.0000  9.0000  15.0000  47.0000  44.0000  40.0000  20.0000  26.0000  18.0000  99.0000  57.0000  49.0000  35.0000  22.0000  40.0000  43.0000  55.0000  39.0000  66.0000  25.0000  36.0000  2.0000  79.0000  35.0000  8.0000  62.0000  66.0000  11.0000  0.0000  15.0000  87.0000  34.0000  50.0000  23.0000  11.0000  81.0000  13.0000  83.0000  99.0000  77.0000  35.0000  88.0000  93.0000  24.0000  28.0000  90.0000  80.0000  91.0000  23.0000  29.0000  60.0000  82.0000  35.0000  53.0000  57.0000  66.0000  22.0000  0.0000  42.0000  52.0000  12.0000  73.0000  69.0000  98.0000  99.0000  61.0000  90.0000  80.0000  73.0000  48.0000  21.0000  20.0000  9.0000  85.0000  54.0000  50.0000  92.0000  34.0000  25.0000  97.0000  94.0000  14.0000  48.0000  54.0000  48.0000  72.0000  28.0000  82.0000  69.0000  15.0000  84.0000  53.0000  99.0000  24.0000  54.0000  50.0000  36.0000  10.0000  92.0000  42.0000  58.0000  69.0000  46.0000  40.0000  20.0000  68.0000  57.0000  87.0000  21.0000  78.0000  62.0000  76.0000  9.0000  73.0000  3.0000  87.0000  29.0000  38.0000  71.0000  20.0000  4.0000  4.0000  40.0000  26.0000  63.0000  23.0000  68.0000  55.0000  3.0000  0.0000  14.0000  0.0000  56.0000  10.0000  68.0000  31.0000  69.0000  28.0000  41.0000  46.0000  74.0000  67.0000  97.0000  0.0000  67.0000  74.0000  35.0000  33.0000  90.0000  57.0000  32.0000  49.0000  29.0000  23.0000  90.0000  92.0000  47.0000  27.0000  8.0000  73.0000  81.0000  83.0000  97.0000  5.0000  28.0000  70.0000  20.0000  21.0000  60.0000  83.0000  16.0000  67.0000  11.0000  23.0000  96.0000  44.0000  42.0000  80.0000  12.0000  9.0000  47.0000  54.0000  71.0000  25.0000  58.0000  36.0000  90.0000  60.0000  26.0000  65.0000  63.0000  32.0000  86.0000  58.0000  27.0000  62.0000  57.0000  32.0000  48.0000  61.0000  17.0000  34.0000  59.0000  81.0000  42.0000  73.0000  1.0000  58.0000  84.0000  59.0000  4.0000  0.0000  80.0000  33.0000  85.0000  88.0000  20.0000  90.0000  40.0000  25.0000  90.0000  13.0000  23.0000  7.0000  58.0000  94.0000  33.0000  58.0000  5.0000  10.0000  1.0000  65.0000  89.0000  67.0000  90.0000  26.0000  32.0000  38.0000  99.0000  5.0000  42.0000  30.0000  8.0000  80.0000  8.0000  76.0000  82.0000  36.0000  60.0000  2.0000  55.0000  47.0000  16.0000  89.0000  81.0000  39.0000  58.0000  17.0000  6.0000  75.0000  1.0000  17.0000  37.0000  70.0000  92.0000  34.0000  91.0000  20.0000  54.0000  38.0000  2.0000  45.0000  84.0000  22.0000  87.0000  88.0000  39.0000  82.0000  17.0000  64.0000  23.0000  21.0000  61.0000  42.0000  63.0000  42.0000  2.0000  86.0000  30.0000  40.0000  49.0000  51.0000  12.0000  56.0000  57.0000  5.0000  23.0000  41.0000  21.0000  11.0000  69.0000  7.0000  69.0000  97.0000  69.0000  38.0000  28.0000  39.0000  18.0000  83.0000  30.0000  20.0000  22.0000  85.0000  94.0000  44.0000  57.0000  35.0000  96.0000  89.0000  10.0000  7.0000  43.0000  0.0000  47.0000  94.0000  92.0000  37.0000  20.0000  14.0000  11.0000  74.0000  78.0000  65.0000  77.0000  66.0000  76.0000  69.0000  61.0000  34.0000  33.0000  ]
Hilo 0 inicia...
Hilo 7 inicia...
Hilo 1 inicia...
Hilo 3 inicia...
Hilo 2 inicia...
Hilo 5 inicia...
Hilo 3 valor 45.0000 
Hilo 4 inicia...
Hilo 3 valor 47.0000 
Hilo 4 valor 146.0000 
Hilo 2 valor 118.0000 
Hilo 1 valor 21.0000 
Hilo 2 valor 65.0000 
Hilo 1 valor 164.0000 
Hilo 0 valor 176.0000 
Hilo 1 valor 71.0000 
Hilo 0 valor 125.0000 
Hilo 1 valor 179.0000 
Hilo 0 valor 124.0000 
Hilo 0 valor 118.0000 
Hilo 2 valor 106.0000 
Hilo 0 valor 91.0000 
Hilo 7 valor 172.0000 
Hilo 7 valor 79.0000 
Hilo 7 valor 74.0000 
Hilo 1 valor 42.0000 
Hilo 7 valor 109.0000 
Hilo 1 valor 125.0000 
Hilo 7 valor 78.0000 
Hilo 1 valor 118.0000 
Hilo 0 valor 112.0000 
Hilo 7 valor 93.0000 
Hilo 5 valor 120.0000 
Hilo 3 valor 120.0000 
Hilo 5 valor 97.0000 
Hilo 3 valor 88.0000 
Hilo 1 valor 116.0000 
Hilo 5 valor 116.0000 
Hilo 3 valor 94.0000 
Hilo 5 valor 109.0000 
Hilo 3 valor 143.0000 
Hilo 4 valor 99.0000 
Hilo 3 valor 104.0000 
Hilo 4 valor 73.0000 
Hilo 3 valor 117.0000 
Hilo 4 valor 111.0000 
Hilo 5 valor 47.0000 
Hilo 4 valor 91.0000 
Hilo 5 valor 146.0000 
Hilo 4 valor 75.0000 
Hilo 4 valor 100.0000 
Hilo 7 valor 136.0000 
Hilo 0 valor 173.0000 
Hilo 7 valor 125.0000 
Hilo 0 valor 59.0000 
Hilo 2 valor 145.0000 
Hilo 7 valor 43.0000 
Hilo 5 valor 77.0000 
Hilo 7 valor 122.0000 
Hilo 5 valor 98.0000 
Hilo 3 valor 115.0000 
Hilo 5 valor 52.0000 
Hilo 0 valor 108.0000 
Hilo 2 valor 132.0000 
Hilo 0 valor 94.0000 
Hilo 6 inicia...
Hilo 2 valor 116.0000 
Hilo 2 valor 129.0000 
Hilo 7 valor 73.0000 
Hilo 2 valor 131.0000 
Hilo 4 valor 85.0000 
Hilo 7 valor 131.0000 
Hilo 4 valor 54.0000 
Hilo 0 valor 101.0000 
Hilo 1 valor 109.0000 
Hilo 5 valor 40.0000 
Hilo 1 valor 136.0000 
Hilo 1 valor 67.0000 
Hilo 1 valor 98.0000 
Hilo 6 valor 115.0000 
Hilo 1 valor 12.0000 
Hilo 7 valor 108.0000 
Hilo 1 valor 95.0000 
Hilo 4 valor 96.0000 
Hilo 0 valor 134.0000 
Hilo 2 valor 91.0000 
Hilo 0 valor 105.0000 
Hilo 6 valor 64.0000 
Hilo 0 valor 73.0000 
Hilo 6 valor 72.0000 
Hilo 1 valor 103.0000 
Hilo 6 valor 132.0000 
Hilo 2 valor 160.0000 
Hilo 6 valor 125.0000 
Hilo 7 valor 78.0000 
Hilo 6 valor 167.0000 
Hilo 4 valor 117.0000 
Hilo 5 valor 22.0000 
Hilo 4 valor 178.0000 
Hilo 5 valor 119.0000 
Hilo 5 valor 156.0000 
Hilo 3 valor 150.0000 
Hilo 5 valor 163.0000 
Hilo 5 valor 155.0000 
Hilo 3 valor 83.0000 
Hilo 7 valor 163.0000 
Hilo 1 valor 57.0000 
Hilo 7 valor 84.0000 
Hilo 4 valor 150.0000 
Hilo 7 valor 107.0000 
Hilo 0 valor 31.0000 
Hilo 7 valor 170.0000 
Hilo 5 valor 128.0000 
Hilo 3 valor 134.0000 
Hilo 1 valor 154.0000 
Hilo 3 valor 94.0000 
Hilo 1 valor 122.0000 
Hilo 7 valor 110.0000 
Hilo 1 valor 129.0000 
Hilo 1 valor 92.0000 
Hilo 1 valor 122.0000 
Hilo 2 valor 93.0000 
Hilo 5 valor 124.0000 
Hilo 5 valor 46.0000 
Hilo 0 valor 116.0000 
Hilo 5 valor 111.0000 
Hilo 3 valor 56.0000 
Hilo 7 valor 119.0000 
Hilo 6 valor 102.0000 
Hilo 7 valor 158.0000 
Hilo 7 valor 88.0000 
Hilo 6 valor 155.0000 
Hilo 7 valor 141.0000 
Hilo 6 valor 112.0000 
Hilo 5 valor 175.0000 
Hilo 3 valor 34.0000 
Hilo 5 valor 108.0000 
Hilo 2 valor 89.0000 
Hilo 4 valor 107.0000 
Hilo 2 valor 93.0000 
Hilo 4 valor 33.0000 
Hilo 7 valor 107.0000 
Hilo 0 valor 57.0000 
Hilo 7 valor 147.0000 
Hilo 3 valor 188.0000 
Hilo 7 valor 98.0000 
Hilo 6 valor 94.0000 
Hilo 3 valor 9.0000 
Hilo 1 valor 56.0000 
Hilo 3 valor 119.0000 
Hilo 1 valor 171.0000 
Hilo 5 valor 106.0000 
Hilo 2 valor 38.0000 
Hilo 6 valor 61.0000 
Hilo 0 valor 109.0000 
Hilo 6 valor 50.0000 
Hilo 2 valor 107.0000 
Hilo 6 valor 153.0000 
Hilo 7 valor 82.0000 
Hilo 6 valor 102.0000 
Hilo 4 valor 147.0000 
Hilo 6 valor 83.0000 
Hilo 1 valor 155.0000 
Hilo 6 valor 149.0000 
Hilo 1 valor 101.0000 
Hilo 6 valor 72.0000 
Hilo 1 valor 160.0000 
Hilo 7 valor 88.0000 
Hilo 4 valor 75.0000 
Hilo 7 valor 84.0000 
Hilo 5 valor 89.0000 
Hilo 7 valor 85.0000 
Hilo 5 valor 90.0000 
Hilo 1 valor 7.0000 
Hilo 3 valor 170.0000 
Hilo 1 valor 53.0000 
Hilo 3 valor 113.0000 
Hilo 1 valor 160.0000 
Hilo 1 valor 160.0000 
Hilo 3 valor 91.0000 
Hilo 7 valor 27.0000 
Hilo 1 valor 132.0000 
Hilo 0 valor 53.0000 
Hilo 7 valor 156.0000 
Hilo 1 valor 138.0000 
Hilo 7 valor 45.0000 
Hilo 2 valor 44.0000 
Hilo 1 valor 65.0000 
Hilo 7 valor 164.0000 
Hilo 2 valor 118.0000 
Hilo 1 valor 115.0000 
Hilo 7 valor 125.0000 
Hilo 2 valor 68.0000 
Hilo 1 valor 165.0000 
Hilo 3 valor 119.0000 
Hilo 2 valor 97.0000 
Hilo 3 valor 56.0000 
Hilo 7 valor 27.0000 
Hilo 4 valor 66.0000 
Hilo 3 valor 66.0000 
Hilo 7 valor 155.0000 
Hilo 3 valor 85.0000 
Hilo 7 valor 121.0000 
Hilo 1 valor 158.0000 
Hilo 7 valor 77.0000 
Hilo 1 valor 70.0000 
Hilo 4 valor 53.0000 
Hilo 2 valor 86.0000 
Hilo 4 valor 130.0000 
Hilo 2 valor 138.0000 
Hilo 2 valor 94.0000 
Hilo 6 valor 47.0000 
Hilo 1 valor 140.0000 
Hilo 5 valor 128.0000 
Hilo 1 valor 132.0000 
Hilo 1 valor 76.0000 
Hilo 3 valor 73.0000 
Hilo 7 valor 39.0000 
Hilo 4 valor 37.0000 
Hilo 7 valor 29.0000 
Hilo 0 valor 120.0000 
Hilo 4 valor 128.0000 
Hilo 6 valor 39.0000 
Hilo 1 valor 118.0000 
Hilo 6 valor 101.0000 
Hilo 1 valor 111.0000 
Hilo 3 valor 129.0000 
Hilo 1 valor 33.0000 
Hilo 7 valor 98.0000 
Hilo 3 valor 73.0000 
Hilo 2 valor 149.0000 
Hilo 7 valor 23.0000 
Hilo 2 valor 119.0000 
Hilo 7 valor 60.0000 
Hilo 2 valor 102.0000 
Hilo 7 valor 80.0000 
Hilo 4 valor 54.0000 
Hilo 7 valor 27.0000 
Hilo 0 valor 92.0000 
Hilo 7 valor 120.0000 
Hilo 5 valor 128.0000 
Hilo 7 valor 178.0000 
Hilo 5 valor 32.0000 
Hilo 5 valor 98.0000 
Hilo 7 valor 94.0000 
Hilo 2 valor 118.0000 
Hilo 1 valor 45.0000 
Hilo 0 valor 31.0000 
Hilo 1 valor 96.0000 
Hilo 6 valor 61.0000 
Hilo 5 valor 110.0000 
Hilo 7 valor 148.0000 
Hilo 5 valor 136.0000 
Hilo 2 valor 173.0000 
Hilo 3 valor 33.0000 
Hilo 0 valor 57.0000 
Hilo 3 valor 117.0000 
Hilo 1 valor 123.0000 
Hilo 3 valor 81.0000 
Hilo 7 valor 106.0000 
Hilo 3 valor 95.0000 
Hilo 3 valor 164.0000 
Hilo 2 valor 79.0000 
Hilo 4 valor 107.0000 
Hilo 2 valor 128.0000 
Hilo 4 valor 26.0000 
Hilo 0 valor 67.0000 
Hilo 4 valor 89.0000 
Hilo 7 valor 184.0000 
Hilo 4 valor 91.0000 
Hilo 3 valor 122.0000 
Hilo 7 valor 138.0000 
Hilo 3 valor 117.0000 
Hilo 3 valor 48.0000 
Hilo 1 valor 52.0000 
Hilo 3 valor 135.0000 
Hilo 5 valor 138.0000 
Hilo 1 valor 126.0000 
Hilo 4 valor 108.0000 
Hilo 1 valor 91.0000 
Hilo 2 valor 113.0000 
Hilo 1 valor 159.0000 
Hilo 0 valor 85.0000 
Hilo 1 valor 144.0000 
Hilo 5 valor 109.0000 
Hilo 1 valor 167.0000 
Hilo 7 valor 36.0000 
Hilo 1 valor 47.0000 
Hilo 2 valor 123.0000 
Hilo 1 valor 115.0000 
Hilo 0 valor 43.0000 
Hilo 1 valor 185.0000 
Hilo 4 valor 127.0000 
Hilo 1 valor 39.0000 
Hilo 3 valor 42.0000 
Hilo 4 valor 60.0000 
Hilo 3 valor 54.0000 
Hilo 4 valor 102.0000 
Hilo 2 valor 87.0000 
Hilo 1 valor 91.0000 
Hilo 2 valor 60.0000 
Hilo 1 valor 129.0000 
Hilo 6 valor 50.0000 
Hilo 1 valor 134.0000 
Hilo 1 valor 173.0000 
Hilo 1 valor 128.0000 
Hilo 6 valor 91.0000 
Hilo 0 valor 112.0000 
Hilo 6 valor 100.0000 
Hilo 0 valor 62.0000 
Hilo 0 valor 95.0000 
Hilo 6 valor 99.0000 
Hilo 0 valor 109.0000 
Hilo 5 valor 85.0000 
Hilo 1 valor 128.0000 
Hilo 7 valor 58.0000 
Hilo 1 valor 165.0000 
Hilo 7 valor 72.0000 
Hilo 1 valor 51.0000 
Hilo 6 valor 152.0000 
Hilo 0 valor 129.0000 
Hilo 6 valor 97.0000 
Hilo 5 valor 98.0000 
Hilo 6 valor 144.0000 
Hilo 5 valor 97.0000 
Hilo 1 valor 177.0000 
Hilo 6 valor 120.0000 
Hilo 1 valor 116.0000 
Hilo 6 valor 143.0000 
Hilo 3 valor 53.0000 
Hilo 2 valor 99.0000 
Hilo 5 valor 154.0000 
Hilo 2 valor 135.0000 
Hilo 5 valor 63.0000 
Hilo 5 valor 62.0000 
Hilo 2 valor 48.0000 
Hilo 5 valor 101.0000 
Hilo 7 valor 89.0000 
Hilo 5 valor 78.0000 
Hilo 3 valor 111.0000 
Hilo 7 valor 45.0000 
Hilo 7 valor 44.0000 
Hilo 0 valor 164.0000 
Hilo 6 valor 54.0000 
Hilo 0 valor 46.0000 
Hilo 6 valor 58.0000 
Hilo 0 valor 42.0000 
Hilo 6 valor 73.0000 
Hilo 6 valor 97.0000 
Hilo 0 valor 137.0000 
Hilo 6 valor 95.0000 
Hilo 6 valor 67.0000 
Hilo 6 valor 136.0000 
Hilo 7 valor 123.0000 
Hilo 6 valor 146.0000 
Hilo 5 valor 92.0000 
Hilo 6 valor 178.0000 
Hilo 5 valor 45.0000 
Hilo 6 valor 113.0000 
Hilo 0 valor 141.0000 
Hilo 1 valor 132.0000 
Hilo 0 valor 83.0000 
Hilo 0 valor 168.0000 
Hilo 2 valor 114.0000 
Hilo 0 valor 139.0000 
Hilo 4 valor 46.0000 
Hilo 0 valor 60.0000 
Hilo 4 valor 187.0000 
Hilo 4 valor 100.0000 
Hilo 5 valor 116.0000 
Hilo 7 valor 44.0000 
Hilo 3 valor 89.0000 
Hilo 7 valor 79.0000 
Hilo 3 valor 143.0000 
Hilo 2 valor 58.0000 
Hilo 0 valor 65.0000 
Hilo 4 valor 27.0000 
Hilo 5 valor 127.0000 
Hilo 0 valor 117.0000 
Hilo 5 valor 123.0000 
Hilo 0 valor 138.0000 
Hilo 6 valor 135.0000 
Hilo 0 valor 140.0000 
Hilo 2 valor 45.0000 
Hilo 4 valor 112.0000 
Hilo 2 valor 107.0000 
Hilo 2 valor 141.0000 
Hilo 3 valor 130.0000 
Hilo 5 valor 129.0000 
Hilo 3 valor 107.0000 
Hilo 5 valor 98.0000 
Hilo 3 valor 173.0000 
Hilo 5 valor 47.0000 
Hilo 7 valor 164.0000 
Hilo 5 valor 88.0000 
Hilo 5 valor 57.0000 
Hilo 7 valor 45.0000 
Hilo 6 valor 43.0000 
Hilo 1 valor 109.0000 
Hilo 6 valor 51.0000 
Hilo 4 valor 14.0000 
Hilo 2 valor 188.0000 
Hilo 4 valor 124.0000 
Hilo 5 valor 147.0000 
Hilo 2 valor 46.0000 
Hilo 5 valor 51.0000 
Hilo 7 valor 162.0000 
Hilo 2 valor 45.0000 
Hilo 1 valor 106.0000 
Hilo 2 valor 117.0000 
Hilo 1 valor 159.0000 
Hilo 2 valor 71.0000 
Hilo 1 valor 166.0000 
Hilo 7 valor 94.0000 
Hilo 2 valor 141.0000 
Hilo 4 valor 80.0000 
Hilo 0 valor 89.0000 
Hilo 6 valor 101.0000 
Hilo 0 valor 47.0000 
Hilo 1 valor 105.0000 
Hilo 0 valor 94.0000 
Hilo 0 valor 57.0000 
Hilo 1 valor 62.0000 
Hilo 0 valor 120.0000 
Hilo 1 valor 92.0000 
Hilo 0 valor 161.0000 
Hilo 0 valor 64.0000 
Hilo 5 valor 141.0000 
Hilo 1 valor 57.0000 
Hilo 5 valor 97.0000 
Hilo 1 valor 113.0000 
Hilo 5 valor 105.0000 
Hilo 1 valor 103.0000 
Hilo 1 valor 114.0000 
Hilo 0 valor 46.0000 
Hilo 1 valor 75.0000 
Hilo 3 valor 65.0000 
Hilo 1 valor 90.0000 
Hilo 3 valor 74.0000 
Hilo 1 valor 47.0000 
Hilo 6 valor 93.0000 
Hilo 1 valor 83.0000 
Hilo 0 valor 174.0000 
Hilo 1 valor 120.0000 
Hilo 2 valor 98.0000 
Hilo 5 valor 90.0000 
Hilo 2 valor 163.0000 
Hilo 5 valor 127.0000 
Hilo 2 valor 169.0000 
Hilo 5 valor 64.0000 
Hilo 0 valor 52.0000 
Hilo 5 valor 148.0000 
Hilo 0 valor 142.0000 
Hilo 5 valor 112.0000 
Hilo 0 valor 29.0000 
Hilo 5 valor 135.0000 
Hilo 0 valor 81.0000 
Hilo 5 valor 147.0000 
Hilo 2 valor 150.0000 
Hilo 7 valor 118.0000 
Hilo 2 valor 129.0000 
Hilo 2 valor 62.0000 
Hilo 7 valor 79.0000 
Hilo 1 valor 52.0000 
Hilo 2 valor 127.0000 
Hilo 3 valor 120.0000 
Hilo 1 valor 106.0000 
Hilo 5 valor 126.0000 
Hilo 3 valor 65.0000 
Hilo 1 valor 32.0000 
Hilo 4 valor 83.0000 
Hilo 0 valor 150.0000 
Hilo 2 valor 95.0000 
Hilo 0 valor 112.0000 
Hilo 7 valor 111.0000 
Hilo 3 valor 26.0000 
Hilo 1 valor 118.0000 
Hilo 3 valor 48.0000 
Hilo 1 valor 72.0000 
Hilo 3 valor 111.0000 
Hilo 1 valor 122.0000 
Hilo 1 valor 120.0000 
Hilo 1 valor 109.0000 
Hilo 1 valor 106.0000 
Hilo 1 valor 120.0000 
Hilo 4 valor 25.0000 
Hilo 1 valor 29.0000 
Hilo 4 valor 49.0000 
Hilo 1 valor 151.0000 
Hilo 4 valor 111.0000 
Hilo 7 valor 80.0000 
Hilo 1 valor 94.0000 
Hilo 7 valor 102.0000 
Hilo 0 valor 35.0000 
Hilo 7 valor 107.0000 
Hilo 2 valor 89.0000 
Hilo 3 valor 44.0000 
Hilo 2 valor 83.0000 
Hilo 6 valor 99.0000 
Hilo 1 valor 151.0000 
Hilo 6 valor 88.0000 
Hilo 5 valor 107.0000 
Hilo 6 valor 88.0000 
Hilo 4 valor 88.0000 
Hilo 6 valor 69.0000 
Hilo 3 valor 139.0000 
Hilo 2 valor 110.0000 
Hilo 7 valor 122.0000 
Hilo 3 valor 117.0000 
Hilo 1 valor 49.0000 
Hilo 3 valor 133.0000 
Hilo 5 valor 80.0000 
Hilo 4 valor 80.0000 
Hilo 2 valor 56.0000 
Hilo 5 valor 67.0000 
Hilo 2 valor 84.0000 
Hilo 7 valor 178.0000 
Hilo 6 valor 126.0000 
Hilo 7 valor 191.0000 
Hilo 4 valor 129.0000 
Hilo 7 valor 23.0000 
Hilo 7 valor 105.0000 
Hilo 5 valor 56.0000 
Hilo 7 valor 93.0000 
Hilo 7 valor 117.0000 
Hilo 2 valor 150.0000 
Hilo 3 valor 63.0000 
Hilo 6 valor 27.0000 
Hilo 3 valor 114.0000 
Hilo 3 valor 106.0000 
Hilo 6 valor 56.0000 
Hilo 4 valor 115.0000 
Hilo 5 valor 155.0000 
Hilo 4 valor 116.0000 
Hilo 7 valor 142.0000 
Hilo 0 valor 109.0000 
Hilo 3 valor 97.0000 
Hilo 1 valor 166.0000 
Hilo 3 valor 26.0000 
Hilo 6 valor 153.0000 
Hilo 4 valor 87.0000 
Hilo 7 valor 168.0000 
Hilo 2 valor 63.0000 
Hilo 7 valor 145.0000 
Hilo 0 valor 117.0000 
Hilo 5 valor 24.0000 
Hilo 0 valor 98.0000 
Hilo 3 valor 6.0000 
Hilo 0 valor 106.0000 
Hilo 3 valor 22.0000 
Hilo 5 valor 26.0000 
Hilo 1 valor 127.0000 
Hilo 5 valor 106.0000 
Hilo 2 valor 13.0000 
Hilo 5 valor 100.0000 
Hilo 3 valor 53.0000 
Hilo 5 valor 68.0000 
Hilo 3 valor 121.0000 
Hilo 5 valor 75.0000 
Hilo 3 valor 21.0000 
Hilo 1 valor 78.0000 
Hilo 3 valor 143.0000 
Hilo 4 valor 91.0000 
Hilo 0 valor 95.0000 
Hilo 4 valor 112.0000 
Hilo 2 valor 81.0000 
Hilo 4 valor 54.0000 
Hilo 1 valor 50.0000 
Hilo 2 valor 54.0000 
Hilo 2 valor 90.0000 
Hilo 1 valor 67.0000 
Hilo 6 valor 125.0000 
Hilo 1 valor 145.0000 
Hilo 7 valor 81.0000 
Hilo 1 valor 25.0000 
Hilo 7 valor 41.0000 
Hilo 4 valor 156.0000 
Hilo 7 valor 151.0000 
Hilo 6 valor 89.0000 
Hilo 7 valor 149.0000 
Hilo 6 valor 195.0000 
Hilo 2 valor 113.0000 
Hilo 6 valor 56.0000 
Hilo 2 valor 122.0000 
Hilo 4 valor 80.0000 
Hilo 1 valor 115.0000 
Hilo 4 valor 136.0000 
Hilo 1 valor 61.0000 
Hilo 5 valor 107.0000 
Hilo 1 valor 129.0000 
Hilo 5 valor 148.0000 
Hilo 6 valor 32.0000 
Hilo 7 valor 119.0000 
Hilo 6 valor 82.0000 
Hilo 7 valor 114.0000 
Hilo 4 valor 100.0000 
Hilo 7 valor 73.0000 
Hilo 2 valor 112.0000 
Hilo 7 valor 162.0000 
Hilo 2 valor 124.0000 
Hilo 0 valor 179.0000 
Hilo 2 valor 74.0000 
Hilo 0 valor 74.0000 
Hilo 2 valor 67.0000 
Hilo 2 valor 104.0000 
Hilo 5 valor 109.0000 
Hilo 2 valor 177.0000 
Hilo 5 valor 141.0000 
Hilo 2 valor 100.0000 
Hilo 6 valor 81.0000 
Hilo 1 valor 142.0000 
Hilo 4 valor 156.0000 
Hilo 0 valor 112.0000 
Hilo 3 valor 141.0000 
Hilo 7 valor 80.0000 
Hilo 0 valor 78.0000 
Hilo 3 valor 101.0000 
Hilo 7 valor 169.0000 
Hilo 3 valor 81.0000 
Hilo 4 valor 72.0000 
Hilo 7 valor 105.0000 
Hilo 3 valor 158.0000 
Hilo 7 valor 128.0000 
Hilo 3 valor 69.0000 
Hilo 7 valor 86.0000 
Hilo 5 valor 109.0000 
Hilo 7 valor 39.0000 
Hilo 4 valor 140.0000 
Hilo 7 valor 153.0000 
Hilo 4 valor 55.0000 
Hilo 7 valor 108.0000 
Hilo 6 valor 79.0000 
Hilo 7 valor 174.0000 
Hilo 6 valor 69.0000 
Hilo 1 valor 123.0000 
Hilo 6 valor 63.0000 
Hilo 6 valor 60.0000 
Hilo 6 valor 42.0000 
Hilo 3 valor 173.0000 
Hilo 6 valor 51.0000 
Hilo 5 valor 141.0000 
Hilo 7 valor 111.0000 
Hilo 5 valor 118.0000 
Hilo 5 valor 191.0000 
Hilo 7 valor 109.0000 
Hilo 2 valor 158.0000 
Hilo 3 valor 103.0000 
Hilo 2 valor 118.0000 
Hilo 4 valor 53.0000 
Hilo 2 valor 127.0000 
Hilo 4 valor 110.0000 
Hilo 5 valor 49.0000 
Hilo 1 valor 124.0000 
Hilo 5 valor 49.0000 
Hilo 6 valor 65.0000 
Hilo 5 valor 134.0000 
Hilo 3 valor 134.0000 
Hilo 5 valor 130.0000 
Hilo 2 valor 55.0000 
Hilo 3 valor 23.0000 
Hilo 5 valor 146.0000 
Hilo 1 valor 97.0000 
Hilo 4 valor 53.0000 
Hilo 4 valor 25.0000 
Hilo 4 valor 105.0000 
Hilo 4 valor 143.0000 
Hilo 4 valor 99.0000 
Hilo 4 valor 19.0000 
Hilo 4 valor 25.0000 
Hilo 2 valor 131.0000 
Hilo 2 valor 50.0000 
Hilo 2 valor 108.0000 
Hilo 2 valor 72.0000 
Hilo 2 valor 53.0000 
Hilo 2 valor 135.0000 
Hilo 2 valor 77.0000 
Hilo 2 valor 126.0000 
Hilo 1 valor 185.0000 
Hilo 1 valor 122.0000 
Hilo 1 valor 100.0000 
Hilo 1 valor 91.0000 
Hilo 0 valor 102.0000 
Hilo 7 valor 73.0000 
Hilo 3 valor 115.0000 
Hilo 4 valor 119.0000 
Hilo 6 valor 114.0000 
Hilo 5 valor 105.0000 
Hilo 2 valor 74.0000 
Hilo 1 valor 111.0000 
Hilo 2 valor 90.0000 
Hilo 2 valor 159.0000 
Hilo 0 valor 161.0000 
Hilo 2 valor 81.0000 
Hilo 0 valor 118.0000 
Hilo 0 valor 99.0000 
Hilo 2 valor 124.0000 
Hilo 0 valor 100.0000 
Hilo 2 valor 73.0000 
Hilo 1 valor 111.0000 
Hilo 2 valor 117.0000 
Hilo 3 valor 170.0000 
Hilo 2 valor 131.0000 
Hilo 2 valor 132.0000 
Hilo 6 valor 103.0000 
Hilo 2 valor 89.0000 
Hilo 6 valor 95.0000 
Hilo 6 valor 148.0000 
Hilo 2 valor 113.0000 
Hilo 6 valor 49.0000 
Hilo 2 valor 112.0000 
Hilo 6 valor 115.0000 
Hilo 2 valor 142.0000 
Hilo 0 valor 100.0000 
Hilo 2 valor 160.0000 
Hilo 0 valor 145.0000 
Hilo 4 valor 51.0000 
Hilo 0 valor 108.0000 
Hilo 4 valor 76.0000 
Hilo 0 valor 93.0000 
Hilo 4 valor 119.0000 
Hilo 0 valor 54.0000 
Hilo 4 valor 43.0000 
Hilo 0 valor 141.0000 
Hilo 2 valor 99.0000 
Hilo 0 valor 65.0000 
Hilo 7 valor 174.0000 
Hilo 2 valor 83.0000 
Hilo 3 valor 124.0000 
Hilo 5 valor 59.0000 
Hilo 2 valor 93.0000 
Hilo 1 valor 77.0000 
Hilo 2 valor 166.0000 
Hilo 1 valor 158.0000 
Hilo 2 valor 104.0000 
Hilo 1 valor 117.0000 
Hilo 2 valor 137.0000 
Hilo 1 valor 127.0000 
Hilo 2 valor 43.0000 
Hilo 1 valor 35.0000 
Hilo 7 valor 182.0000 
Hilo 1 valor 101.0000 
Hilo 0 valor 73.0000 
Hilo 4 valor 121.0000 
Hilo 1 valor 84.0000 
Hilo 0 valor 111.0000 
Hilo 2 valor 177.0000 
Hilo 0 valor 152.0000 
Hilo 7 valor 68.0000 
Hilo 0 valor 96.0000 
Hilo 2 valor 112.0000 
Hilo 1 valor 79.0000 
Hilo 2 valor 103.0000 
Hilo 1 valor 43.0000 
Hilo 2 valor 35.0000 
Hilo 0 valor 72.0000 
Hilo 2 valor 142.0000 
Hilo 3 valor 132.0000 
Hilo 2 valor 74.0000 
Hilo 3 valor 157.0000 
Hilo 5 valor 153.0000 
Hilo 4 valor 89.0000 
Hilo 0 valor 106.0000 
Hilo 4 valor 84.0000 
Hilo 4 valor 102.0000 
Hilo 6 valor 58.0000 
Hilo 4 valor 130.0000 
Hilo 2 valor 138.0000 
Hilo 4 valor 94.0000 
Hilo 4 valor 152.0000 
Hilo 2 valor 78.0000 
Hilo 4 valor 157.0000 
Hilo 7 valor 149.0000 
Hilo 4 valor 65.0000 
Hilo 7 valor 137.0000 
Hilo 4 valor 136.0000 
Hilo 4 valor 95.0000 
Hilo 6 valor 65.0000 
Hilo 0 valor 8.0000 
Hilo 6 valor 134.0000 
Hilo 1 valor 107.0000 
Hilo 3 valor 36.0000 
Hilo 7 valor 84.0000 
Hilo 3 valor 122.0000 
Hilo 7 valor 139.0000 
Hilo 3 valor 144.0000 
Hilo 3 valor 53.0000 
Hilo 6 valor 57.0000 
Hilo 0 valor 68.0000 
Hilo 1 valor 107.0000 
Hilo 6 valor 93.0000 
Hilo 1 valor 98.0000 
Hilo 5 valor 156.0000 
Hilo 1 valor 102.0000 
Hilo 3 valor 44.0000 
Hilo 0 valor 53.0000 
Hilo 3 valor 132.0000 
Hilo 6 valor 108.0000 
Hilo 3 valor 129.0000 
Hilo 7 valor 26.0000 
Hilo 3 valor 79.0000 
Hilo 5 valor 61.0000 
Hilo 1 valor 43.0000 
Hilo 5 valor 115.0000 
Hilo 1 valor 27.0000 
Hilo 5 valor 148.0000 
Hilo 5 valor 69.0000 
Hilo 6 valor 86.0000 
Hilo 3 valor 130.0000 
Hilo 6 valor 52.0000 
Hilo 0 valor 63.0000 
Hilo 6 valor 140.0000 
Hilo 0 valor 99.0000 
Hilo 7 valor 34.0000 
Hilo 0 valor 17.0000 
Hilo 5 valor 107.0000 
Hilo 2 valor 48.0000 
Hilo 5 valor 6.0000 
Hilo 5 valor 137.0000 
Hilo 2 valor 99.0000 
Hilo 6 valor 112.0000 
Hilo 7 valor 26.0000 
Hilo 0 valor 100.0000 
Hilo 4 valor 152.0000 
Hilo 7 valor 121.0000 
Hilo 4 valor 122.0000 
Hilo 7 valor 117.0000 
Hilo 2 valor 59.0000 
Hilo 7 valor 105.0000 
Hilo 2 valor 102.0000 
Hilo 0 valor 106.0000 
Hilo 3 valor 79.0000 
Hilo 0 valor 148.0000 
Hilo 0 valor 59.0000 
Hilo 4 valor 109.0000 
Hilo 5 valor 72.0000 
Hilo 4 valor 106.0000 
Hilo 2 valor 19.0000 
Hilo 4 valor 111.0000 
Hilo 1 valor 150.0000 
Hilo 4 valor 55.0000 
Hilo 1 valor 115.0000 
Hilo 0 valor 54.0000 
Hilo 6 valor 93.0000 
Hilo 0 valor 103.0000 
Hilo 7 valor 182.0000 
Hilo 3 valor 105.0000 
Hilo 7 valor 92.0000 
Hilo 7 valor 55.0000 
Hilo 7 valor 101.0000 
Hilo 1 valor 51.0000 
Hilo 5 valor 89.0000 
Hilo 2 valor 114.0000 
Hilo 6 valor 170.0000 
Hilo 0 valor 168.0000 
Hilo 6 valor 33.0000 
Hilo 0 valor 83.0000 
Hilo 7 valor 165.0000 
Hilo 0 valor 65.0000 
Hilo 0 valor 124.0000 
Hilo 7 valor 25.0000 
Hilo 1 valor 94.0000 
Hilo 5 valor 64.0000 
Hilo 2 valor 83.0000 
Hilo 6 valor 92.0000 
Hilo 4 valor 110.0000 
Hilo 6 valor 165.0000 
Hilo 4 valor 130.0000 
Hilo 0 valor 120.0000 
Hilo 7 valor 153.0000 
Hilo 1 valor 50.0000 
Hilo 5 valor 95.0000 
Hilo 2 valor 156.0000 
Hilo 6 valor 65.0000 
Hilo 3 valor 101.0000 
Hilo 6 valor 19.0000 
Hilo 6 valor 57.0000 
Hilo 4 valor 49.0000 
Hilo 6 valor 88.0000 
Hilo 6 valor 128.0000 
Hilo 7 valor 139.0000 
Hilo 6 valor 168.0000 
Hilo 7 valor 129.0000 
Hilo 5 valor 170.0000 
Hilo 3 valor 120.0000 
Hilo 5 valor 95.0000 
Hilo 5 valor 161.0000 
Hilo 5 valor 168.0000 
Hilo 4 valor 116.0000 
Hilo 1 valor 98.0000 
Hilo 4 valor 92.0000 
Hilo 6 valor 113.0000 
Hilo 2 valor 109.0000 
Hilo 4 valor 53.0000 
Hilo 2 valor 85.0000 
Hilo 0 valor 42.0000 
Hilo 3 valor 137.0000 
Hilo 7 valor 67.0000 
Hilo 3 valor 63.0000 
Hilo 5 valor 121.0000 
Hilo 3 valor 68.0000 
Hilo 3 valor 91.0000 
Hilo 4 valor 105.0000 
Hilo 1 valor 73.0000 
Hilo 4 valor 126.0000 
Hilo 6 valor 102.0000 
Hilo 7 valor 39.0000 
Hilo 2 valor 129.0000 
Hilo 7 valor 96.0000 
Hilo 7 valor 118.0000 
Hilo 7 valor 55.0000 
Hilo 7 valor 132.0000 
Hilo 2 valor 94.0000 
Hilo 7 valor 108.0000 
Hilo 2 valor 69.0000 
Hilo 7 valor 100.0000 
Hilo 5 valor 90.0000 
Hilo 7 valor 133.0000 
Hilo 7 valor 156.0000 
Hilo 7 valor 57.0000 
Hilo 5 valor 92.0000 
Hilo 3 valor 124.0000 
Hilo 1 valor 29.0000 
Hilo 4 valor 64.0000 
Hilo 2 valor 7.0000 
Hilo 6 valor 115.0000 
Hilo 2 valor 75.0000 
Hilo 7 valor 54.0000 
Hilo 6 valor 77.0000 
Hilo 7 valor 128.0000 
Hilo 0 valor 184.0000 
Hilo 1 valor 123.0000 
Hilo 0 valor 98.0000 
Hilo 1 valor 122.0000 
Hilo 6 valor 78.0000 
Hilo 1 valor 131.0000 
Hilo 3 valor 88.0000 
Hilo 1 valor 114.0000 
Hilo 3 valor 124.0000 
Hilo 0 valor 151.0000 
Hilo 6 valor 98.0000 
Hilo 0 valor 93.0000 
Hilo 2 valor 105.0000 
Hilo 0 valor 74.0000 
Hilo 5 valor 138.0000 
Hilo 0 valor 119.0000 
Hilo 7 valor 98.0000 
Hilo 5 valor 61.0000 
Hilo 0 valor 129.0000 
Hilo 5 valor 92.0000 
Hilo 3 valor 3.0000 
Hilo 2 valor 91.0000 
Hilo 7 valor 110.0000 
Hilo 2 valor 129.0000 
Hilo 1 valor 82.0000 
Hilo 0 valor 22.0000 
Hilo 1 valor 116.0000 
Hilo 7 valor 126.0000 
Hilo 5 valor 105.0000 
Hilo 2 valor 26.0000 
Hilo 5 valor 136.0000 
Hilo 3 valor 67.0000 
Hilo 1 valor 27.0000 
Hilo 3 valor 127.0000 
Hilo 2 valor 110.0000 
Hilo 3 valor 174.0000 
Hilo 0 valor 112.0000 
Hilo 2 valor 47.0000 
Hilo 1 valor 104.0000 
Hilo 5 valor 109.0000 
Hilo 0 valor 185.0000 
Hilo 3 valor 118.0000 
Hilo 0 valor 122.0000 
Hilo 3 valor 107.0000 
Hilo 3 valor 29.0000 
Hilo 3 valor 107.0000 
Hilo 2 valor 152.0000 
Hilo 3 valor 106.0000 
Hilo 3 valor 141.0000 
Hilo 3 valor 125.0000 
Hilo 2 valor 72.0000 
Hilo 3 valor 159.0000 
Hilo 5 valor 155.0000 
Hilo 3 valor 86.0000 
Hilo 3 valor 97.0000 
Hilo 5 valor 27.0000 
Hilo 1 valor 122.0000 
Hilo 5 valor 72.0000 
Hilo 2 valor 65.0000 
Hilo 5 valor 127.0000 
Hilo 0 valor 94.0000 
Hilo 5 valor 18.0000 
Hilo 0 valor 44.0000 
Hilo 0 valor 146.0000 
Hilo 3 valor 91.0000 
Hilo 3 valor 154.0000 
Hilo 3 valor 124.0000 
Hilo 0 valor 44.0000 
Hilo 3 valor 109.0000 
Hilo 1 valor 59.0000 
Hilo 1 valor 50.0000 
Hilo 1 valor 126.0000 
Hilo 1 valor 129.0000 
Hilo 1 valor 112.0000 
Hilo 1 valor 155.0000 
Hilo 1 valor 119.0000 
Hilo 1 valor 191.0000 
Hilo 1 valor 165.0000 
Hilo 1 valor 15.0000 
vector Resultado 3 = [ 176.0000  125.0000  124.0000  118.0000  91.0000  112.0000  173.0000  59.0000  108.0000  94.0000  101.0000  134.0000  105.0000  73.0000  31.0000  116.0000  57.0000  109.0000  53.0000  120.0000  172.0000  79.0000  74.0000  109.0000  78.0000  93.0000  136.0000  125.0000  43.0000  122.0000  73.0000  131.0000  108.0000  78.0000  163.0000  84.0000  107.0000  170.0000  110.0000  119.0000  45.0000  47.0000  120.0000  88.0000  94.0000  143.0000  104.0000  117.0000  115.0000  150.0000  83.0000  134.0000  94.0000  56.0000  34.0000  188.0000  9.0000  119.0000  170.0000  113.0000  118.0000  65.0000  106.0000  145.0000  132.0000  116.0000  129.0000  131.0000  91.0000  160.0000  93.0000  89.0000  93.0000  38.0000  107.0000  44.0000  118.0000  68.0000  97.0000  86.0000  120.0000  97.0000  116.0000  109.0000  47.0000  146.0000  77.0000  98.0000  52.0000  40.0000  22.0000  119.0000  156.0000  163.0000  155.0000  128.0000  124.0000  46.0000  111.0000  175.0000  21.0000  164.0000  71.0000  179.0000  42.0000  125.0000  118.0000  116.0000  109.0000  136.0000  67.0000  98.0000  12.0000  95.0000  103.0000  57.0000  154.0000  122.0000  129.0000  92.0000  146.0000  99.0000  73.0000  111.0000  91.0000  75.0000  100.0000  85.0000  54.0000  96.0000  117.0000  178.0000  150.0000  107.0000  33.0000  147.0000  75.0000  66.0000  53.0000  130.0000  115.0000  64.0000  72.0000  132.0000  125.0000  167.0000  102.0000  155.0000  112.0000  94.0000  61.0000  50.0000  153.0000  102.0000  83.0000  149.0000  72.0000  47.0000  39.0000  101.0000  122.0000  56.0000  171.0000  155.0000  101.0000  160.0000  7.0000  53.0000  160.0000  160.0000  132.0000  138.0000  65.0000  115.0000  165.0000  158.0000  70.0000  140.0000  132.0000  76.0000  158.0000  88.0000  141.0000  107.0000  147.0000  98.0000  82.0000  88.0000  84.0000  85.0000  27.0000  156.0000  45.0000  164.0000  125.0000  27.0000  155.0000  121.0000  77.0000  39.0000  108.0000  106.0000  89.0000  90.0000  128.0000  128.0000  32.0000  98.0000  110.0000  136.0000  138.0000  109.0000  85.0000  98.0000  97.0000  154.0000  63.0000  62.0000  101.0000  78.0000  91.0000  119.0000  56.0000  66.0000  85.0000  73.0000  129.0000  73.0000  33.0000  117.0000  81.0000  95.0000  164.0000  122.0000  117.0000  48.0000  135.0000  42.0000  54.0000  53.0000  138.0000  94.0000  149.0000  119.0000  102.0000  118.0000  173.0000  79.0000  128.0000  113.0000  123.0000  87.0000  60.0000  99.0000  135.0000  48.0000  114.0000  58.0000  45.0000  107.0000  37.0000  128.0000  54.0000  107.0000  26.0000  89.0000  91.0000  108.0000  127.0000  60.0000  102.0000  46.0000  187.0000  100.0000  27.0000  112.0000  14.0000  124.0000  80.0000  83.0000  118.0000  111.0000  33.0000  45.0000  96.0000  123.0000  52.0000  126.0000  91.0000  159.0000  144.0000  167.0000  47.0000  115.0000  185.0000  39.0000  91.0000  129.0000  134.0000  173.0000  29.0000  98.0000  23.0000  60.0000  80.0000  27.0000  120.0000  178.0000  94.0000  148.0000  106.0000  184.0000  138.0000  36.0000  58.0000  72.0000  89.0000  45.0000  44.0000  123.0000  92.0000  31.0000  57.0000  67.0000  85.0000  43.0000  112.0000  62.0000  95.0000  109.0000  129.0000  164.0000  46.0000  42.0000  137.0000  141.0000  83.0000  168.0000  139.0000  60.0000  61.0000  50.0000  91.0000  100.0000  99.0000  152.0000  97.0000  144.0000  120.0000  143.0000  54.0000  58.0000  73.0000  97.0000  95.0000  67.0000  136.0000  146.0000  178.0000  113.0000  128.0000  128.0000  165.0000  51.0000  177.0000  116.0000  132.0000  109.0000  106.0000  159.0000  166.0000  105.0000  62.0000  92.0000  57.0000  113.0000  103.0000  114.0000  75.0000  90.0000  111.0000  89.0000  143.0000  130.0000  107.0000  173.0000  65.0000  74.0000  120.0000  65.0000  26.0000  48.0000  111.0000  44.0000  139.0000  117.0000  133.0000  63.0000  114.0000  106.0000  92.0000  45.0000  116.0000  127.0000  123.0000  129.0000  98.0000  47.0000  88.0000  57.0000  147.0000  51.0000  141.0000  97.0000  105.0000  90.0000  127.0000  64.0000  148.0000  112.0000  44.0000  79.0000  164.0000  45.0000  162.0000  94.0000  118.0000  79.0000  111.0000  80.0000  102.0000  107.0000  122.0000  178.0000  191.0000  23.0000  105.0000  93.0000  117.0000  142.0000  135.0000  43.0000  51.0000  101.0000  93.0000  99.0000  88.0000  88.0000  69.0000  126.0000  27.0000  56.0000  153.0000  125.0000  89.0000  195.0000  56.0000  32.0000  82.0000  81.0000  65.0000  117.0000  138.0000  140.0000  89.0000  47.0000  94.0000  57.0000  120.0000  161.0000  64.0000  46.0000  174.0000  52.0000  142.0000  29.0000  81.0000  150.0000  112.0000  35.0000  141.0000  188.0000  46.0000  45.0000  117.0000  71.0000  141.0000  98.0000  163.0000  169.0000  150.0000  129.0000  62.0000  127.0000  95.0000  89.0000  83.0000  110.0000  56.0000  84.0000  47.0000  83.0000  120.0000  52.0000  106.0000  32.0000  118.0000  72.0000  122.0000  120.0000  109.0000  106.0000  120.0000  29.0000  151.0000  94.0000  151.0000  49.0000  166.0000  127.0000  135.0000  147.0000  126.0000  107.0000  80.0000  67.0000  56.0000  155.0000  24.0000  26.0000  106.0000  100.0000  68.0000  75.0000  107.0000  148.0000  109.0000  141.0000  109.0000  141.0000  25.0000  49.0000  111.0000  88.0000  80.0000  129.0000  115.0000  116.0000  87.0000  91.0000  112.0000  54.0000  156.0000  80.0000  136.0000  100.0000  156.0000  72.0000  140.0000  55.0000  109.0000  117.0000  98.0000  106.0000  95.0000  179.0000  74.0000  112.0000  78.0000  102.0000  161.0000  118.0000  99.0000  100.0000  100.0000  145.0000  108.0000  93.0000  54.0000  141.0000  150.0000  63.0000  13.0000  81.0000  54.0000  90.0000  113.0000  122.0000  112.0000  124.0000  74.0000  67.0000  104.0000  177.0000  100.0000  158.0000  118.0000  127.0000  55.0000  131.0000  97.0000  26.0000  6.0000  22.0000  53.0000  121.0000  21.0000  143.0000  141.0000  101.0000  81.0000  158.0000  69.0000  173.0000  103.0000  134.0000  23.0000  115.0000  170.0000  124.0000  168.0000  145.0000  81.0000  41.0000  151.0000  149.0000  119.0000  114.0000  73.0000  162.0000  80.0000  169.0000  105.0000  128.0000  86.0000  39.0000  153.0000  108.0000  174.0000  111.0000  78.0000  50.0000  67.0000  145.0000  25.0000  115.0000  61.0000  129.0000  142.0000  123.0000  124.0000  97.0000  185.0000  122.0000  100.0000  91.0000  111.0000  111.0000  77.0000  158.0000  79.0000  69.0000  63.0000  60.0000  42.0000  51.0000  65.0000  114.0000  103.0000  95.0000  148.0000  49.0000  115.0000  58.0000  65.0000  134.0000  57.0000  93.0000  108.0000  86.0000  53.0000  110.0000  53.0000  25.0000  105.0000  143.0000  99.0000  19.0000  25.0000  119.0000  51.0000  76.0000  119.0000  43.0000  121.0000  89.0000  84.0000  102.0000  130.0000  94.0000  118.0000  191.0000  49.0000  49.0000  134.0000  130.0000  146.0000  105.0000  59.0000  153.0000  156.0000  61.0000  115.0000  148.0000  69.0000  107.0000  6.0000  137.0000  72.0000  89.0000  109.0000  73.0000  174.0000  182.0000  68.0000  149.0000  137.0000  84.0000  139.0000  26.0000  34.0000  26.0000  121.0000  117.0000  105.0000  182.0000  92.0000  55.0000  101.0000  165.0000  50.0000  108.0000  72.0000  53.0000  135.0000  77.0000  126.0000  74.0000  90.0000  159.0000  81.0000  124.0000  73.0000  117.0000  131.0000  132.0000  89.0000  113.0000  112.0000  142.0000  160.0000  99.0000  83.0000  93.0000  166.0000  104.0000  137.0000  43.0000  177.0000  112.0000  103.0000  35.0000  142.0000  74.0000  138.0000  78.0000  48.0000  99.0000  59.0000  102.0000  65.0000  73.0000  111.0000  152.0000  96.0000  72.0000  106.0000  8.0000  68.0000  53.0000  63.0000  99.0000  17.0000  100.0000  106.0000  148.0000  59.0000  54.0000  103.0000  168.0000  132.0000  157.0000  36.0000  122.0000  144.0000  53.0000  44.0000  132.0000  129.0000  79.0000  130.0000  79.0000  105.0000  101.0000  120.0000  137.0000  63.0000  68.0000  91.0000  124.0000  117.0000  127.0000  35.0000  101.0000  84.0000  79.0000  43.0000  107.0000  107.0000  98.0000  102.0000  43.0000  27.0000  150.0000  115.0000  51.0000  94.0000  50.0000  98.0000  73.0000  152.0000  157.0000  65.0000  136.0000  95.0000  152.0000  122.0000  109.0000  106.0000  111.0000  55.0000  110.0000  130.0000  49.0000  116.0000  92.0000  53.0000  105.0000  126.0000  64.0000  52.0000  140.0000  112.0000  93.0000  170.0000  33.0000  92.0000  165.0000  65.0000  19.0000  57.0000  88.0000  128.0000  168.0000  113.0000  102.0000  115.0000  77.0000  78.0000  98.0000  19.0000  114.0000  83.0000  156.0000  109.0000  85.0000  129.0000  94.0000  69.0000  7.0000  75.0000  105.0000  91.0000  129.0000  26.0000  110.0000  47.0000  152.0000  72.0000  65.0000  64.0000  95.0000  170.0000  95.0000  161.0000  168.0000  121.0000  90.0000  92.0000  138.0000  61.0000  92.0000  105.0000  136.0000  109.0000  155.0000  27.0000  72.0000  127.0000  18.0000  83.0000  65.0000  124.0000  120.0000  42.0000  184.0000  98.0000  151.0000  93.0000  74.0000  119.0000  129.0000  22.0000  112.0000  185.0000  122.0000  94.0000  44.0000  146.0000  44.0000  25.0000  153.0000  139.0000  129.0000  67.0000  39.0000  96.0000  118.0000  55.0000  132.0000  108.0000  100.0000  133.0000  156.0000  57.0000  54.0000  128.0000  98.0000  110.0000  126.0000  29.0000  123.0000  122.0000  131.0000  114.0000  82.0000  116.0000  27.0000  104.0000  122.0000  59.0000  50.0000  126.0000  129.0000  112.0000  155.0000  119.0000  191.0000  165.0000  15.0000  88.0000  124.0000  3.0000  67.0000  127.0000  174.0000  118.0000  107.0000  29.0000  107.0000  106.0000  141.0000  125.0000  159.0000  86.0000  97.0000  91.0000  154.0000  124.0000  109.0000  ]
Tiempo de ejecucin:  0.155549
